[09:45:54] [ServerMain/INFO]: Environment: Environment[sessionHost=https://sessionserver.mojang.com, servicesHost=https://api.minecraftservices.com, profilesHost=https://api.mojang.com, name=PROD]
[09:45:55] [ServerMain/INFO]: No existing world data, creating new world
[09:45:55] [ServerMain/INFO]: Loaded 1470 recipes
[09:45:55] [ServerMain/INFO]: Loaded 1584 advancements
[09:45:56] [Server thread/INFO]: Starting minecraft server version 1.21.11
[09:45:56] [Server thread/INFO]: Loading properties
[09:45:56] [Server thread/INFO]: Default game type: SURVIVAL
[09:45:56] [Server thread/INFO]: Generating keypair
[09:45:56] [Server thread/INFO]: Starting Minecraft server on *:25565
[09:45:56] [Server thread/INFO]: Preparing level "world"
[09:45:57] [Server thread/INFO]: Selecting global world spawn...
[09:46:03] [Server thread/INFO]: Loading 0 persistent chunks...
[09:46:03] [Server thread/INFO]: Preparing spawn area: 100%
[09:46:03] [Server thread/INFO]: Time elapsed: 5852 ms
[09:46:03] [Server thread/INFO]: Done (6.213s)! For help, type "help"
[09:46:08] [Server thread/INFO]: [Not Secure] [Server] hi
[09:46:12] [Server thread/INFO]: Stopping the server
[09:46:12] [Server thread/INFO]: Stopping server
[09:46:12] [Server thread/INFO]: Saving players
[09:46:12] [Server thread/INFO]: Saving worlds
[09:46:12] [Server thread/INFO]: Saving chunks for level 'ServerLevel[world]'/minecraft:overworld
[09:46:12] [Server thread/INFO]: Saving chunks for level 'ServerLevel[world]'/minecraft:the_end
[09:46:12] [Server thread/INFO]: Saving chunks for level 'ServerLevel[world]'/minecraft:the_nether
[09:46:12] [Server thread/INFO]: ThreadedAnvilChunkStorage (world): All chunks are saved
[09:46:12] [Server thread/INFO]: ThreadedAnvilChunkStorage (DIM1): All chunks are saved
[09:46:12] [Server thread/INFO]: ThreadedAnvilChunkStorage (DIM-1): All chunks are saved
[09:46:12] [Server thread/INFO]: ThreadedAnvilChunkStorage: All dimensions are saved
